[12/May/2019:00:05:12] (ℹ️): WordPress Instance Info:
[12/May/2019:00:05:12] (ℹ️): Home URL : http://test.goodk.at
[12/May/2019:00:05:12] (ℹ️): Site URL : http://test.goodk.at
[12/May/2019:00:05:12] (ℹ️): WordPress Version : 5.0.4
[12/May/2019:00:05:12] (ℹ️): Onboarding Version : 1.3.6
[12/May/2019:00:05:12] (ℹ️): Multisite : No
[12/May/2019:00:05:12] (ℹ️): Server Info : Apache/2.4.25 (Debian)
[12/May/2019:00:05:12] (ℹ️): PHP Version : 7.0.32-2+0~20181015120817.7+stretch~1.gbpa6b8cf
[12/May/2019:00:05:12] (ℹ️): HTTPS : No
[12/May/2019:00:05:12] (ℹ️): PHP Max Execution Time : 30
[12/May/2019:00:05:12] (ℹ️): PHP Max Input Vars : 1000
[12/May/2019:00:05:12] (ℹ️): Max Upload Size : 8388608
[12/May/2019:00:05:12] (ℹ️): Plugins:
[12/May/2019:00:05:12] (ℹ️): [PLUGIN] Redux Framework : v3.6.15 (Team Redux)
[12/May/2019:00:05:12] (ℹ️): [PLUGIN] bbPress : v2.5.14 (The bbPress Community)
[12/May/2019:00:05:12] (ℹ️): [PLUGIN] BuddyDrive : v2.1.1 (mrpritchett)
[12/May/2019:00:05:12] (ℹ️): [PLUGIN] rtMedia for WordPress, BuddyPress and bbPress : v4.5.4 (rtCamp)
[12/May/2019:00:05:12] (ℹ️): [PLUGIN] BuddyPress : v4.1.0 (The BuddyPress Community)
[12/May/2019:00:05:12] (ℹ️): [PLUGIN] Cleverness To-Do List : v3.4.2 (C.M. Kendrick)
[12/May/2019:00:05:12] (ℹ️): [PLUGIN] Contact Form 7 : v5.0.5 (Takayuki Miyoshi)
[12/May/2019:00:05:12] (ℹ️): [PLUGIN] Easy Knowledge-Base : v1.0 (SeventhQueen)
[12/May/2019:00:05:12] (ℹ️): [PLUGIN] Envato Market : v2.0.1 (Envato)
[12/May/2019:00:05:12] (ℹ️): [PLUGIN] Events Manager : v5.9.5 (Marcus Sykes)
[12/May/2019:00:05:12] (ℹ️): [PLUGIN] Jetpack by WordPress.com : v6.8.1 (Automattic)
[12/May/2019:00:05:12] (ℹ️): [PLUGIN] WPBakery Page Builder : v5.4.5 (Michael M - WPBakery.com)
[12/May/2019:00:05:12] (ℹ️): [PLUGIN] Nav Menu Roles : v1.9.2 (Kathy Darling)
[12/May/2019:00:05:12] (ℹ️): [PLUGIN] Restrict my site : v1.0.1 (SeventhQueen)
[12/May/2019:00:05:12] (ℹ️): [PLUGIN] Theme Demo Import : v1.0.3 (Themely)
[12/May/2019:00:05:12] (ℹ️): [PLUGIN] Orbit Fox Companion : v2.8.3 (Themeisle)
[12/May/2019:00:05:12] (ℹ️): [PLUGIN] Transcoder : v1.2.2 (rtCamp)
[12/May/2019:00:05:12] (ℹ️): [PLUGIN] Visualizer: Tables and Charts Manager for WordPress (Lite) : v3.1.2 (Themeisle)
[12/May/2019:00:05:12] (ℹ️): [PLUGIN] WF Cookie Consent : v1.1.4 (wunderfarm)
[12/May/2019:00:05:12] (ℹ️): [PLUGIN] Wise Chat : v2.6.3 (Kainex)
[12/May/2019:00:05:12] (ℹ️): [PLUGIN] WordPress Charts : v0.7.0 (WebFactory Ltd)
[12/May/2019:00:05:12] (ℹ️): [PLUGIN] WP-Polls : v2.73.8 (Lester 'GaMerZ' Chan)
[12/May/2019:00:05:12] (ℹ️): [PLUGIN] WP Quiz : v1.1.9 (MyThemeShop)
